21:10:46.245 [TestNG-tests-2] DEBUG io.netty.util.internal.PlatformDependent0 - java.nio.Bits.unaligned: available, true
21:10:46.257 [TestNG-tests-2] DEBUG io.netty.util.internal.PlatformDependent0 - jdk.internal.misc.Unsafe.allocateUninitializedArray(int): unavailable
java.lang.IllegalAccessException: class io.netty.util.internal.PlatformDependent0$7 cannot access class jdk.internal.misc.Unsafe (in module java.base) because module java.base does not export jdk.internal.misc to unnamed module @2d928643
	at jdk.internal.reflect.Reflection.newIllegalAccessException(Reflection.java:392) ~[?:?]
	at java.lang.reflect.AccessibleObject.checkAccess(AccessibleObject.java:674) ~[?:?]
	at java.lang.reflect.Method.invoke(Method.java:560) ~[?:?]
	at io.netty.util.internal.PlatformDependent0$7.run(PlatformDependent0.java:410) ~[netty-common-4.1.90.Final.jar:4.1.90.Final]
	at java.security.AccessController.doPrivileged(AccessController.java:318) ~[?:?]
	at io.netty.util.internal.PlatformDependent0.<clinit>(PlatformDependent0.java:401) ~[netty-common-4.1.90.Final.jar:4.1.90.Final]
	at io.netty.util.internal.PlatformDependent.isAndroid(PlatformDependent.java:333) ~[netty-common-4.1.90.Final.jar:4.1.90.Final]
	at io.netty.util.internal.PlatformDependent.<clinit>(PlatformDependent.java:88) ~[netty-common-4.1.90.Final.jar:4.1.90.Final]
	at io.netty.util.HashedWheelTimer.<init>(HashedWheelTimer.java:114) ~[netty-common-4.1.90.Final.jar:4.1.90.Final]
	at io.netty.util.HashedWheelTimer.<init>(HashedWheelTimer.java:251) ~[netty-common-4.1.90.Final.jar:4.1.90.Final]
	at io.netty.util.HashedWheelTimer.<init>(HashedWheelTimer.java:224) ~[netty-common-4.1.90.Final.jar:4.1.90.Final]
	at io.netty.util.HashedWheelTimer.<init>(HashedWheelTimer.java:203) ~[netty-common-4.1.90.Final.jar:4.1.90.Final]
	at org.asynchttpclient.DefaultAsyncHttpClient.newNettyTimer(DefaultAsyncHttpClient.java:111) ~[async-http-client-2.12.3.jar:?]
	at org.asynchttpclient.DefaultAsyncHttpClient.<init>(DefaultAsyncHttpClient.java:90) ~[async-http-client-2.12.3.jar:?]
	at org.asynchttpclient.Dsl.asyncHttpClient(Dsl.java:32) ~[async-http-client-2.12.3.jar:?]
	at org.openqa.selenium.remote.http.netty.NettyClient.createHttpClient(NettyClient.java:94) ~[selenium-remote-driver-4.8.3.jar:?]
	at org.openqa.selenium.remote.http.netty.NettyClient.<clinit>(NettyClient.java:47) ~[selenium-remote-driver-4.8.3.jar:?]
	at org.openqa.selenium.remote.http.netty.NettyClient$Factory.createClient(NettyClient.java:135) ~[selenium-remote-driver-4.8.3.jar:?]
	at org.openqa.selenium.remote.HttpCommandExecutor.<init>(HttpCommandExecutor.java:116) ~[selenium-remote-driver-4.8.3.jar:?]
	at org.openqa.selenium.remote.HttpCommandExecutor.<init>(HttpCommandExecutor.java:94) ~[selenium-remote-driver-4.8.3.jar:?]
	at org.openqa.selenium.remote.service.DriverCommandExecutor.<init>(DriverCommandExecutor.java:88) ~[selenium-remote-driver-4.8.3.jar:?]
	at org.openqa.selenium.chromium.ChromiumDriverCommandExecutor.<init>(ChromiumDriverCommandExecutor.java:40) ~[selenium-chromium-driver-4.8.3.jar:?]
	at org.openqa.selenium.chrome.ChromeDriver$ChromeDriverCommandExecutor.<init>(ChromeDriver.java:111) ~[selenium-chrome-driver-4.8.3.jar:?]
	at org.openqa.selenium.chrome.ChromeDriver.generateExecutor(ChromeDriver.java:101) ~[selenium-chrome-driver-4.8.3.jar:?]
	at org.openqa.selenium.chrome.ChromeDriver.<init>(ChromeDriver.java:88) ~[selenium-chrome-driver-4.8.3.jar:?]
	at org.openqa.selenium.chrome.ChromeDriver.<init>(ChromeDriver.java:84) ~[selenium-chrome-driver-4.8.3.jar:?]
	at org.openqa.selenium.chrome.ChromeDriver.<init>(ChromeDriver.java:52) ~[selenium-chrome-driver-4.8.3.jar:?]
	at com.resources.Base.initializeDriver(Base.java:41) ~[classes/:?]
	at com.tests.ThreeTest.threeTest(ThreeTest.java:17) ~[test-classes/:?]
	at jdk.internal.reflect.NativeMethodAccessorImpl.invoke0(Native Method) ~[?:?]
	at jdk.internal.reflect.NativeMethodAccessorImpl.invoke(NativeMethodAccessorImpl.java:77) ~[?:?]
	at jdk.internal.reflect.DelegatingMethodAccessorImpl.invoke(DelegatingMethodAccessorImpl.java:43) ~[?:?]
	at java.lang.reflect.Method.invoke(Method.java:568) ~[?:?]
	at org.testng.internal.MethodInvocationHelper.invokeMethod(MethodInvocationHelper.java:133) ~[org.testng_7.4.0.r202105021533.jar:7.4.0]
	at org.testng.internal.TestInvoker.invokeMethod(TestInvoker.java:598) ~[org.testng_7.4.0.r202105021533.jar:7.4.0]
	at org.testng.internal.TestInvoker.invokeTestMethod(TestInvoker.java:173) ~[org.testng_7.4.0.r202105021533.jar:7.4.0]
	at org.testng.internal.MethodRunner.runInSequence(MethodRunner.java:46) ~[org.testng_7.4.0.r202105021533.jar:7.4.0]
	at org.testng.internal.TestInvoker$MethodInvocationAgent.invoke(TestInvoker.java:824) ~[org.testng_7.4.0.r202105021533.jar:7.4.0]
	at org.testng.internal.TestInvoker.invokeTestMethods(TestInvoker.java:146) ~[org.testng_7.4.0.r202105021533.jar:7.4.0]
	at org.testng.internal.TestMethodWorker.invokeTestMethods(TestMethodWorker.java:146) ~[org.testng_7.4.0.r202105021533.jar:7.4.0]
	at org.testng.internal.TestMethodWorker.run(TestMethodWorker.java:128) ~[org.testng_7.4.0.r202105021533.jar:7.4.0]
	at java.util.ArrayList.forEach(ArrayList.java:1511) ~[?:?]
	at org.testng.TestRunner.privateRun(TestRunner.java:794) ~[org.testng_7.4.0.r202105021533.jar:7.4.0]
	at org.testng.TestRunner.run(TestRunner.java:596) ~[org.testng_7.4.0.r202105021533.jar:7.4.0]
	at org.testng.SuiteRunner.runTest(SuiteRunner.java:377) ~[org.testng_7.4.0.r202105021533.jar:7.4.0]
	at org.testng.SuiteRunner.access$000(SuiteRunner.java:28) ~[org.testng_7.4.0.r202105021533.jar:7.4.0]
	at org.testng.SuiteRunner$SuiteWorker.run(SuiteRunner.java:418) ~[org.testng_7.4.0.r202105021533.jar:7.4.0]
	at org.testng.internal.thread.ThreadUtil.lambda$execute$0(ThreadUtil.java:64) ~[org.testng_7.4.0.r202105021533.jar:7.4.0]
	at java.util.concurrent.FutureTask.run(FutureTask.java:264) [?:?]
	at java.util.concurrent.ThreadPoolExecutor.runWorker(ThreadPoolExecutor.java:1136) [?:?]
	at java.util.concurrent.ThreadPoolExecutor$Worker.run(ThreadPoolExecutor.java:635) [?:?]
	at java.lang.Thread.run(Thread.java:833) [?:?]
21:10:46.263 [TestNG-tests-2] DEBUG io.netty.util.internal.PlatformDependent0 - java.nio.DirectByteBuffer.<init>(long, int): unavailable
21:10:46.264 [TestNG-tests-2] DEBUG io.netty.util.internal.PlatformDependent - sun.misc.Unsafe: available
21:10:46.265 [TestNG-tests-2] DEBUG io.netty.util.internal.PlatformDependent - maxDirectMemory: 3200253952 bytes (maybe)
21:10:46.265 [TestNG-tests-2] DEBUG io.netty.util.internal.PlatformDependent - -Dio.netty.tmpdir: C:\Users\AKASHK~1\AppData\Local\Temp (java.io.tmpdir)
21:10:46.266 [TestNG-tests-2] DEBUG io.netty.util.internal.PlatformDependent - -Dio.netty.bitMode: 64 (sun.arch.data.model)
21:10:46.266 [TestNG-tests-2] DEBUG io.netty.util.internal.PlatformDependent - Platform: Windows
21:10:46.269 [TestNG-tests-2] DEBUG io.netty.util.internal.PlatformDependent - -Dio.netty.maxDirectMemory: -1 bytes
21:10:46.269 [TestNG-tests-2] DEBUG io.netty.util.internal.PlatformDependent - -Dio.netty.uninitializedArrayAllocationThreshold: -1
21:10:46.273 [TestNG-tests-2] DEBUG io.netty.util.internal.CleanerJava9 - java.nio.ByteBuffer.cleaner(): available
21:10:46.274 [TestNG-tests-2] DEBUG io.netty.util.internal.PlatformDependent - -Dio.netty.noPreferDirect: false
21:10:46.294 [TestNG-tests-2] DEBUG io.netty.util.internal.PlatformDependent - org.jctools-core.MpscChunkedArrayQueue: available
21:10:46.331 [TestNG-tests-2] DEBUG io.netty.util.internal.InternalThreadLocalMap - -Dio.netty.threadLocalMap.stringBuilder.initialSize: 1024
21:10:46.331 [TestNG-tests-2] DEBUG io.netty.util.internal.InternalThreadLocalMap - -Dio.netty.threadLocalMap.stringBuilder.maxSize: 4096
21:10:46.437 [TestNG-tests-2] DEBUG io.netty.handler.ssl.JdkSslContext - Default protocols (JDK): [TLSv1.3, TLSv1.2] 
21:10:46.437 [TestNG-tests-2] DEBUG io.netty.handler.ssl.JdkSslContext - Default cipher suites (JDK): [TLS_ECDHE_ECDSA_WITH_AES_256_GCM_SHA384, TLS_ECDHE_ECDSA_WITH_AES_128_GCM_SHA256, TLS_ECDHE_RSA_WITH_AES_128_GCM_SHA256, TLS_ECDHE_RSA_WITH_AES_256_GCM_SHA384, TLS_ECDHE_RSA_WITH_AES_128_CBC_SHA, TLS_ECDHE_RSA_WITH_AES_256_CBC_SHA, TLS_RSA_WITH_AES_128_GCM_SHA256, TLS_RSA_WITH_AES_128_CBC_SHA, TLS_RSA_WITH_AES_256_CBC_SHA, TLS_AES_128_GCM_SHA256, TLS_AES_256_GCM_SHA384]
21:10:46.466 [TestNG-tests-2] DEBUG io.netty.util.concurrent.GlobalEventExecutor - -Dio.netty.globalEventExecutor.quietPeriodSeconds: 1
21:10:46.504 [TestNG-tests-2] DEBUG io.netty.channel.MultithreadEventLoopGroup - -Dio.netty.eventLoopThreads: 8
21:10:46.523 [TestNG-tests-2] DEBUG io.netty.channel.nio.NioEventLoop - -Dio.netty.noKeySetOptimization: false
21:10:46.524 [TestNG-tests-2] DEBUG io.netty.channel.nio.NioEventLoop - -Dio.netty.selectorAutoRebuildThreshold: 512
21:10:46.548 [TestNG-tests-2] TRACE io.netty.channel.nio.NioEventLoop - instrumented a special java.util.Set into: sun.nio.ch.WEPollSelectorImpl@1ed5f95c
21:10:46.553 [TestNG-tests-2] TRACE io.netty.channel.nio.NioEventLoop - instrumented a special java.util.Set into: sun.nio.ch.WEPollSelectorImpl@b0eb0b8
21:10:46.556 [TestNG-tests-2] TRACE io.netty.channel.nio.NioEventLoop - instrumented a special java.util.Set into: sun.nio.ch.WEPollSelectorImpl@435be382
21:10:46.559 [TestNG-tests-2] TRACE io.netty.channel.nio.NioEventLoop - instrumented a special java.util.Set into: sun.nio.ch.WEPollSelectorImpl@1a2f8952
21:10:46.562 [TestNG-tests-2] TRACE io.netty.channel.nio.NioEventLoop - instrumented a special java.util.Set into: sun.nio.ch.WEPollSelectorImpl@2c8dd44
21:10:46.566 [TestNG-tests-2] TRACE io.netty.channel.nio.NioEventLoop - instrumented a special java.util.Set into: sun.nio.ch.WEPollSelectorImpl@7c3d36d5
21:10:46.572 [TestNG-tests-2] TRACE io.netty.channel.nio.NioEventLoop - instrumented a special java.util.Set into: sun.nio.ch.WEPollSelectorImpl@60e69d23
21:10:46.575 [TestNG-tests-2] TRACE io.netty.channel.nio.NioEventLoop - instrumented a special java.util.Set into: sun.nio.ch.WEPollSelectorImpl@6e5ed74
